<?xml version="1.0" encoding="UTF-8"?>
<!-- Generated by org.testng.reporters.JUnitXMLReporter -->
<testsuite ignored="0" hostname="Manikanta_A" failures="0" tests="21" name="Test" time="320.745" errors="0" timestamp="17 Apr 2023 13:21:37 GMT">
  <testcase classname="com.pantaloons.tests.Test002" name="test2" time="15.544"/>
  <testcase classname="com.pantaloons.tests.Test020_EndtoEnd" name="test20" time="22.923"/>
  <testcase classname="com.pantaloons.tests.Test021_EndtoEnd" name="test21" time="27.344"/>
  <testcase classname="com.pantaloons.tests.Test009" name="test9" time="6.231"/>
  <testcase classname="com.pantaloons.tests.Test008" name="test8" time="10.332"/>
  <testcase classname="com.pantaloons.tests.Test019" name="test19" time="4.925"/>
  <testcase classname="com.pantaloons.tests.Test007" name="test7" time="2.083"/>
  <testcase classname="com.pantaloons.tests.Test018" name="test18" time="9.227"/>
  <testcase classname="com.pantaloons.tests.Test006" name="test6" time="7.74"/>
  <testcase classname="com.pantaloons.tests.Test017" name="test17" time="10.356"/>
  <testcase classname="com.pantaloons.tests.Test005" name="test5" time="1.204"/>
  <testcase classname="com.pantaloons.tests.Test016" name="test16" time="7.416"/>
  <testcase classname="com.pantaloons.tests.Test004" name="test4" time="20.053"/>
  <testcase classname="com.pantaloons.tests.Test015" name="test15" time="10.087"/>
  <testcase classname="com.pantaloons.tests.Test003" name="test3" time="4.482"/>
  <testcase classname="com.pantaloons.tests.Test014" name="test14" time="3.274"/>
  <testcase classname="com.pantaloons.tests.Test013" name="test13" time="5.29"/>
  <testcase classname="com.pantaloons.tests.Test001" name="test1" time="1.773"/>
  <testcase classname="com.pantaloons.tests.Test012" name="test12" time="5.789"/>
  <testcase classname="com.pantaloons.tests.Test011" name="test11" time="12.048"/>
  <testcase classname="com.pantaloons.tests.Test010" name="test10" time="5.323"/>
</testsuite> <!-- Test -->
